<?xml version="1.0" encoding="UTF-8"?>
<!-- Generated by org.testng.reporters.JUnitReportReporter -->
<testsuite skipped="0" hostname="DESKTOP-40G711H" name="ApiExampleProjectTestRunner" tests="1" failures="0" timestamp="08 jun 2021 23:01:35 GMT" time="5.165" errors="0">
  <testcase name="runScenario" time="5.165" classname="ApiExampleProjectTestRunner"/>
</testsuite> <!-- ApiExampleProjectTestRunner -->
